#
# There is insufficient memory for the Java Runtime Environment to continue.
# Native memory allocation (mmap) failed to map 335544320 bytes for G1 virtual space
# Possible reasons:
#   The system is out of physical RAM or swap space
#   The process is running with CompressedOops enabled, and the Java Heap may be blocking the growth of the native heap
# Possible solutions:
#   Reduce memory load on the system
#   Increase physical memory or swap space
#   Check if swap backing store is full
#   Decrease Java heap size (-Xmx/-Xms)
#   Decrease number of Java threads
#   Decrease Java thread stack sizes (-Xss)
#   Set larger code cache with -XX:ReservedCodeCacheSize=
#   JVM is running with Zero Based Compressed Oops mode in which the Java heap is
#     placed in the first 32GB address space. The Java Heap base address is the
#     maximum limit for the native heap growth. Please use -XX:HeapBaseMinAddress
#     to set the Java Heap base and to place the Java Heap above 32GB virtual address.
# This output file may be truncated or incomplete.
#
#  Out of Memory Error (os_windows.cpp:3557), pid=38828, tid=19960
#
# JRE version:  (17.0.6+10) (build )
# Java VM: OpenJDK 64-Bit Server VM (17.0.6+10, mixed mode, sharing, tiered, compressed oops, compressed class ptrs, g1 gc, windows-amd64)
# No core dump will be written. Minidumps are not enabled by default on client versions of Windows
#

---------------  S U M M A R Y ------------

Command Line: -XX:+ShowCodeDetailsInExceptionMessages com.example.StudentCrud.StudentCrudApplication

Host: Intel(R) Core(TM) i5-10210U CPU @ 1.60GHz, 8 cores, 19G,  Windows 11 , 64 bit Build 22621 (10.0.22621.1485)
Time: Wed Apr 19 08:27:35 2023 India Standard Time elapsed time: 0.018399 seconds (0d 0h 0m 0s)

---------------  T H R E A D  ---------------

Current thread (0x000001411d43f8b0):  JavaThread "Unknown thread" [_thread_in_vm, id=19960, stack(0x0000000100600000,0x0000000100700000)]

Stack: [0x0000000100600000,0x0000000100700000]
Native frames: (J=compiled Java code, j=interpreted, Vv=VM code, C=native code)
V  [jvm.dll+0x67741a]
V  [jvm.dll+0x834434]
V  [jvm.dll+0x835bde]
V  [jvm.dll+0x836243]
V  [jvm.dll+0x2457b5]
V  [jvm.dll+0x674329]
V  [jvm.dll+0x6689da]
V  [jvm.dll+0x30489b]
V  [jvm.dll+0x30bd96]
V  [jvm.dll+0x35b57e]
V  [jvm.dll+0x35b7af]
V  [jvm.dll+0x2db778]
V  [jvm.dll+0x2dc6e4]
V  [jvm.dll+0x806131]
V  [jvm.dll+0x369331]
V  [jvm.dll+0x7e56ac]
V  [jvm.dll+0x3eb35f]
V  [jvm.dll+0x3ecea1]
C  [jli.dll+0x5267]
C  [ucrtbase.dll+0x29363]
C  [KERNEL32.DLL+0x1269d]
C  [ntdll.dll+0x5a9f8]


---------------  P R O C E S S  ---------------

Threads class SMR info:
_java_thread_list=0x00007ffbad5e5fd8, length=0, elements={
}

Java Threads: ( => current thread )

Other Threads:
  0x000001411d4c08d0 GCTaskThread "GC Thread#0" [stack: 0x0000000100700000,0x0000000100800000] [id=51116]
  0x000001411d4cb5e0 ConcurrentGCThread "G1 Main Marker" [stack: 0x0000000100800000,0x0000000100900000] [id=21444]
  0x000001411d4cc060 ConcurrentGCThread "G1 Conc#0" [stack: 0x0000000100900000,0x0000000100a00000] [id=25696]

[error occurred during error reporting (printing all threads), id 0xc0000005, EXCEPTION_ACCESS_VIOLATION (0xc0000005) at pc=0x00007ffbacdbc1e7]

VM state: not at safepoint (not fully initialized)

VM Mutex/Monitor currently owned by a thread:  ([mutex/lock_event])
[0x000001411d4394b0] Heap_lock - owner thread: 0x000001411d43f8b0

Heap address: 0x00000006c2800000, size: 5080 MB, Compressed Oops mode: Zero based, Oop shift amount: 3

CDS archive(s) mapped at: [0x0000000000000000-0x0000000000000000-0x0000000000000000), size 0, SharedBaseAddress: 0x0000000800000000, ArchiveRelocationMode: 0.
Narrow klass base: 0x0000000000000000, Narrow klass shift: 0, Narrow klass range: 0x0

GC Precious Log:
<Empty>

Heap:
 garbage-first heap   total 0K, used 0K [0x00000006c2800000, 0x0000000800000000)
  region size 4096K, 0 young (0K), 0 survivors (0K)

[error occurred during error reporting (printing heap information), id 0xc0000005, EXCEPTION_ACCESS_VIOLATION (0xc0000005) at pc=0x00007ffbad1a06f9]

GC Heap History (0 events):
No events

Dll operation events (1 events):
Event: 0.011 Loaded shared library C:\Users\Shria\.vscode\extensions\redhat.java-1.17.0-win32-x64\jre\17.0.6-win32-x86_64\bin\java.dll

Deoptimization events (0 events):
No events

Classes unloaded (0 events):
No events

Classes redefined (0 events):
No events

Internal exceptions (0 events):
No events

VM Operations (0 events):
No events

Events (0 events):
No events


Dynamic libraries:
0x00007ff7d3750000 - 0x00007ff7d375e000 	C:\Users\Shria\.vscode\extensions\redhat.java-1.17.0-win32-x64\jre\17.0.6-win32-x86_64\bin\java.exe
0x00007ffc44c90000 - 0x00007ffc44ea4000 	C:\WINDOWS\SYSTEM32\ntdll.dll
0x00007ffc44230000 - 0x00007ffc442f2000 	C:\WINDOWS\System32\KERNEL32.DLL
0x00007ffc42100000 - 0x00007ffc4249c000 	C:\WINDOWS\System32\KERNELBASE.dll
0x00007ffc42690000 - 0x00007ffc427a1000 	C:\WINDOWS\System32\ucrtbase.dll
0x00007ffc37240000 - 0x00007ffc37257000 	C:\Users\Shria\.vscode\extensions\redhat.java-1.17.0-win32-x64\jre\17.0.6-win32-x86_64\bin\jli.dll
0x00007ffc37260000 - 0x00007ffc37279000 	C:\Users\Shria\.vscode\extensions\redhat.java-1.17.0-win32-x64\jre\17.0.6-win32-x86_64\bin\VCRUNTIME140.dll
0x00007ffc445c0000 - 0x00007ffc4476b000 	C:\WINDOWS\System32\USER32.dll
0x00007ffc420d0000 - 0x00007ffc420f6000 	C:\WINDOWS\System32\win32u.dll
0x00007ffc436d0000 - 0x00007ffc436f9000 	C:\WINDOWS\System32\GDI32.dll
0x00007ffc2a280000 - 0x00007ffc2a50e000 	C:\WINDOWS\WinSxS\amd64_microsoft.windows.common-controls_6595b64144ccf1df_6.0.22621.608_none_a9444ca7c10bb01d\COMCTL32.dll
0x00007ffc42980000 - 0x00007ffc42a93000 	C:\WINDOWS\System32\gdi32full.dll
0x00007ffc44300000 - 0x00007ffc443a7000 	C:\WINDOWS\System32\msvcrt.dll
0x00007ffc42870000 - 0x00007ffc4290a000 	C:\WINDOWS\System32\msvcp_win.dll
0x00007ffc43b90000 - 0x00007ffc43bc1000 	C:\WINDOWS\System32\IMM32.DLL
0x00007ffc37230000 - 0x00007ffc3723c000 	C:\Users\Shria\.vscode\extensions\redhat.java-1.17.0-win32-x64\jre\17.0.6-win32-x86_64\bin\vcruntime140_1.dll
0x00007ffc109a0000 - 0x00007ffc10a31000 	C:\Users\Shria\.vscode\extensions\redhat.java-1.17.0-win32-x64\jre\17.0.6-win32-x86_64\bin\msvcp140.dll
0x00007ffbacad0000 - 0x00007ffbad717000 	C:\Users\Shria\.vscode\extensions\redhat.java-1.17.0-win32-x64\jre\17.0.6-win32-x86_64\bin\server\jvm.dll
0x00007ffc438a0000 - 0x00007ffc4394e000 	C:\WINDOWS\System32\ADVAPI32.dll
0x00007ffc44900000 - 0x00007ffc449a4000 	C:\WINDOWS\System32\sechost.dll
0x00007ffc44b30000 - 0x00007ffc44c47000 	C:\WINDOWS\System32\RPCRT4.dll
0x00007ffc29c90000 - 0x00007ffc29c99000 	C:\WINDOWS\SYSTEM32\WSOCK32.dll
0x00007ffc37fb0000 - 0x00007ffc37fe4000 	C:\WINDOWS\SYSTEM32\WINMM.dll
0x00007ffc376b0000 - 0x00007ffc376ba000 	C:\WINDOWS\SYSTEM32\VERSION.dll
0x00007ffc43b10000 - 0x00007ffc43b81000 	C:\WINDOWS\System32\WS2_32.dll
0x00007ffc41120000 - 0x00007ffc41138000 	C:\WINDOWS\SYSTEM32\kernel.appcore.dll
0x00007ffc37220000 - 0x00007ffc3722a000 	C:\Users\Shria\.vscode\extensions\redhat.java-1.17.0-win32-x64\jre\17.0.6-win32-x86_64\bin\jimage.dll
0x00007ffc398c0000 - 0x00007ffc39aee000 	C:\WINDOWS\SYSTEM32\DBGHELP.DLL
0x00007ffc42b50000 - 0x00007ffc42ed9000 	C:\WINDOWS\System32\combase.dll
0x00007ffc44150000 - 0x00007ffc44227000 	C:\WINDOWS\System32\OLEAUT32.dll
0x00007ffc36f40000 - 0x00007ffc36f72000 	C:\WINDOWS\SYSTEM32\dbgcore.DLL
0x00007ffc42610000 - 0x00007ffc4268b000 	C:\WINDOWS\System32\bcryptPrimitives.dll
0x00007ffc371c0000 - 0x00007ffc371e5000 	C:\Users\Shria\.vscode\extensions\redhat.java-1.17.0-win32-x64\jre\17.0.6-win32-x86_64\bin\java.dll

dbghelp: loaded successfully - version: 4.0.5 - missing functions: none
symbol engine: initialized successfully - sym options: 0x614 - pdb path: .;C:\Users\Shria\.vscode\extensions\redhat.java-1.17.0-win32-x64\jre\17.0.6-win32-x86_64\bin;C:\WINDOWS\SYSTEM32;C:\WINDOWS\WinSxS\amd64_microsoft.windows.common-controls_6595b64144ccf1df_6.0.22621.608_none_a9444ca7c10bb01d;C:\Users\Shria\.vscode\extensions\redhat.java-1.17.0-win32-x64\jre\17.0.6-win32-x86_64\bin\server

VM Arguments:
jvm_args: -XX:+ShowCodeDetailsInExceptionMessages 
java_command: com.example.StudentCrud.StudentCrudApplication
java_class_path (initial): C:\Users\Shria\OneDrive\Documents\PES\Sem 6\OOAD\StudentCrud\target\classes;C:\Users\Shria\.m2\repository\org\springframework\boot\spring-boot-starter-data-jpa\3.0.5\spring-boot-starter-data-jpa-3.0.5.jar;C:\Users\Shria\.m2\repository\org\springframework\boot\spring-boot-starter-aop\3.0.5\spring-boot-starter-aop-3.0.5.jar;C:\Users\Shria\.m2\repository\org\springframework\spring-aop\6.0.7\spring-aop-6.0.7.jar;C:\Users\Shria\.m2\repository\org\aspectj\aspectjweaver\1.9.19\aspectjweaver-1.9.19.jar;C:\Users\Shria\.m2\repository\org\springframework\boot\spring-boot-starter-jdbc\3.0.5\spring-boot-starter-jdbc-3.0.5.jar;C:\Users\Shria\.m2\repository\com\zaxxer\HikariCP\5.0.1\HikariCP-5.0.1.jar;C:\Users\Shria\.m2\repository\org\springframework\spring-jdbc\6.0.7\spring-jdbc-6.0.7.jar;C:\Users\Shria\.m2\repository\org\hibernate\orm\hibernate-core\6.1.7.Final\hibernate-core-6.1.7.Final.jar;C:\Users\Shria\.m2\repository\jakarta\persistence\jakarta.persistence-api\3.1.0\jakarta.persistence-api-3.1.0.jar;C:\Users\Shria\.m2\repository\jakarta\transaction\jakarta.transaction-api\2.0.1\jakarta.transaction-api-2.0.1.jar;C:\Users\Shria\.m2\repository\org\jboss\logging\jboss-logging\3.5.0.Final\jboss-logging-3.5.0.Final.jar;C:\Users\Shria\.m2\repository\org\hibernate\common\hibernate-commons-annotations\6.0.6.Final\hibernate-commons-annotations-6.0.6.Final.jar;C:\Users\Shria\.m2\repository\org\jboss\jandex\2.4.2.Final\jandex-2.4.2.Final.jar;C:\Users\Shria\.m2\repository\com\fasterxml\classmate\1.5.1\classmate-1.5.1.jar;C:\Users\Shria\.m2\repository\net\bytebuddy\byte-buddy\1.12.23\byte-buddy-1.12.23.jar;C:\Users\Shria\.m2\repository\org\glassfish\jaxb\jaxb-runtime\4.0.2\jaxb-runtime-4.0.2.jar;C:\Users\Shria\.m2\repository\org\glassfish\jaxb\jaxb-core\4.0.2\jaxb-core-4.0.2.jar;C:\Users\Shria\.m2\repository\org\eclipse\angus\angus-activation\2.0.0\angus-activation-2.0.0.jar;C:\Users\Shria\.m2\repository\org\glassfish\jaxb\txw2\4.0.2\txw2-4.0.2.jar;C:\Users\Sh
Launcher Type: SUN_STANDARD

[Global flags]
     intx CICompilerCount                          = 4                                         {product} {ergonomic}
     uint ConcGCThreads                            = 2                                         {product} {ergonomic}
     uint G1ConcRefinementThreads                  = 8                                         {product} {ergonomic}
   size_t G1HeapRegionSize                         = 4194304                                   {product} {ergonomic}
    uintx GCDrainStackTargetSize                   = 64                                        {product} {ergonomic}
   size_t InitialHeapSize                          = 335544320                                 {product} {ergonomic}
   size_t MarkStackSize                            = 4194304                                   {product} {ergonomic}
   size_t MaxHeapSize                              = 5326766080                                {product} {ergonomic}
   size_t MinHeapDeltaBytes                        = 4194304                                   {product} {ergonomic}
   size_t MinHeapSize                              = 8388608                                   {product} {ergonomic}
    uintx NonNMethodCodeHeapSize                   = 5839372                                {pd product} {ergonomic}
    uintx NonProfiledCodeHeapSize                  = 122909434                              {pd product} {ergonomic}
    uintx ProfiledCodeHeapSize                     = 122909434                              {pd product} {ergonomic}
    uintx ReservedCodeCacheSize                    = 251658240                              {pd product} {ergonomic}
     bool SegmentedCodeCache                       = true                                      {product} {ergonomic}
     bool ShowCodeDetailsInExceptionMessages       = true                                   {manageable} {command line}
   size_t SoftMaxHeapSize                          = 5326766080                             {manageable} {ergonomic}
     bool UseCompressedClassPointers               = true                           {product lp64_product} {ergonomic}
     bool UseCompressedOops                        = true                           {product lp64_product} {ergonomic}
     bool UseG1GC                                  = true                                      {product} {ergonomic}
     bool UseLargePagesIndividualAllocation        = false                                  {pd product} {ergonomic}

Logging:
Log output configuration:
 #0: stdout all=warning uptime,level,tags
 #1: stderr all=off uptime,level,tags

Environment Variables:
PATH=D:\VMware\bin\;C:\Program Files\Common Files\Oracle\Java\javapath;C:\Windows\system32;C:\Windows;C:\Windows\System32\Wbem;C:\Windows\System32\WindowsPowerShell\v1.0\;C:\Windows\System32\OpenSSH\;C:\Program Files (x86)\NVIDIA Corporation\PhysX\Common;C:\Program Files\NVIDIA Corporation\NVIDIA NvDLISR;C:\Program Files\Calibre2\;C:\Program Files (x86)\Windows Kits\8.1\Windows Performance Toolkit\;C:\Program Files\MATLAB\R2020b\bin;C:\flutter_windows_1.22.6-stable.zip\flutter\bin;C:\MinGW\bin;C:\Program Files\nodejs\;C:\Program Files\Git\cmd;C:\Program Files\Pandoc\;C:\WINDOWS\system32;C:\WINDOWS;C:\WINDOWS\System32\Wbem;C:\WINDOWS\System32\WindowsPowerShell\v1.0\;C:\WINDOWS\System32\OpenSSH\;C:\Program Files\apache-maven-3.9.1\bin;C:\Program Files\PuTTY\;C:\Users\Shria\AppData\Local\Programs\Python\Python39\Scripts\;C:\Users\Shria\AppData\Local\Programs\Python\Python39\;C:\Users\Shria\AppData\Local\Microsoft\WindowsApps;C:\Flutter\bin;C:\Users\Shria\AppData\Roaming\npm;C:\Users\Shria\AppData\Local\Programs\Microsoft VS Code\bin;C:\Program Files\MongoDB\Server\5.0\bin;C:\Users\Shria\AppData\Roaming\TinyTeX\bin\win32;C:\Program Files (x86)\GnuWin32\bin;C:\Program Files (x86)\Dev-Cpp;C:\Users\Shria\AppData\Local\GitHubDesktop\bin;C:\Program Files (x86)\GnuWin32\bin\wget.exe;C:\Users\Shria\Downloads\apache-maven-3.9.1-bin\apache-maven-3.9.1\bin;C:\Users\Shria\Downloads\php-8.2.4-Win32-vs16-x64;
USERNAME=Shria
LANG=en_US.UTF-8
OS=Windows_NT
PROCESSOR_IDENTIFIER=Intel64 Family 6 Model 142 Stepping 12, GenuineIntel
TMP=C:\Users\Shria\AppData\Local\Temp
TEMP=C:\Users\Shria\AppData\Local\Temp



---------------  S Y S T E M  ---------------

OS:
 Windows 11 , 64 bit Build 22621 (10.0.22621.1485)
OS uptime: 5 days 4:10 hours

CPU: total 8 (initial active 8) (4 cores per cpu, 2 threads per core) family 6 model 142 stepping 12 microcode 0xde, cx8, cmov, fxsr, ht, mmx, 3dnowpref, sse, sse2, sse3, ssse3, sse4.1, sse4.2, popcnt, lzcnt, tsc, tscinvbit, avx, avx2, aes, erms, clmul, bmi1, bmi2, adx, fma, vzeroupper, clflush, clflushopt

Memory: 4k page, system-wide physical 20308M (3359M free)
TotalPageFile size 50673M (AvailPageFile size 258M)
current process WorkingSet (physical memory assigned to process): 11M, peak: 11M
current process commit charge ("private bytes"): 60M, peak: 380M

vm_info: OpenJDK 64-Bit Server VM (17.0.6+10) for windows-amd64 JRE (17.0.6+10), built on Jan 18 2023 10:08:59 by "temurin" with MS VC++ 16.7 (VS2019)

END.
